<?xml version="1.0" encoding="UTF-8"?>
<!-- Generated by org.testng.reporters.JUnitXMLReporter -->
<<<<<<< HEAD
<testsuite ignored="0" hostname="PARIGI-2OFFICE" failures="1" tests="1" name="Test_Assertions" time="0.03" errors="0" timestamp="2022-05-12T16:50:00 IST">
  <testcase classname="TestNG_Learning.TestCase2_Assert" name="validateTitle" time="0.01">
=======
<testsuite ignored="0" hostname="DESKTOP-E5GIE34" failures="1" tests="1" name="Test_Assertions" time="0.171" errors="0" timestamp="2022-05-07T20:40:31 IST">
  <testcase classname="TestNG_Learning.TestCase2_Assert" name="validateTitle" time="0.079">
>>>>>>> 9e9d6c59551d7f8e5572792c405717dd54bbf0c6
    <failure type="java.lang.AssertionError" message="The following asserts failed:
	Titles Mismatch expected [yahoo.com] but found [gmail.com],
	Element not found expected [true] but found [false],
	Failed Forcefully">
      <![CDATA[java.lang.AssertionError: The following asserts failed:
Titles Mismatch expected [yahoo.com] but found [gmail.com],
Element not found expected [true] but found [false],
Failed Forcefully
at TestNG_Learning.TestCase2_Assert.validateTitle(TestCase2_Assert.java:24)
at java.base/java.util.ArrayList.forEach(ArrayList.java:1511)
at java.base/java.util.concurrent.FutureTask.run(FutureTask.java:264)
at java.base/java.util.concurrent.ThreadPoolExecutor.runWorker(ThreadPoolExecutor.java:1136)
at java.base/java.util.concurrent.ThreadPoolExecutor$Worker.run(ThreadPoolExecutor.java:635)
at java.base/java.lang.Thread.run(Thread.java:833)
... Removed 20 stack frames]]>
    </failure>
  </testcase> <!-- validateTitle -->
</testsuite> <!-- Test_Assertions -->
