<!DOCTYPE html PUBLIC "-//W3C//DTD XHTML 1.1//EN" "https://www.w3.org/TR/xhtml11/DTD/xhtml11.dtd">
<html xmlns="https://www.w3.org/1999/xhtml">
<head>
<meta http-equiv="content-type" content="text/html; charset=UTF-8"/>
<title>TestNG Report</title>
<style type="text/css">table {margin-bottom:10px;border-collapse:collapse;empty-cells:show}th,td {border:1px solid #009;padding:.25em .5em}th {vertical-align:bottom}td {vertical-align:top}table a {font-weight:bold}.stripe td {background-color: #E6EBF9}.num {text-align:right}.passedodd td {background-color: #3F3}.passedeven td {background-color: #0A0}.skippedodd td {background-color: #DDD}.skippedeven td {background-color: #CCC}.failedodd td,.attn {background-color: #F33}.failedeven td,.stripe .attn {background-color: #D00}.stacktrace {white-space:pre;font-family:monospace}.totop {font-size:85%;text-align:center;border-bottom:2px solid #000}.invisible {display:none}</style>
</head>
<body>
<table>
<tr><th>Test</th><th># Passed</th><th># Skipped</th><th># Retried</th><th># Failed</th><th>Time (ms)</th><th>Included Groups</th><th>Excluded Groups</th></tr>
<tr><th colspan="8">Learning TestNG</th></tr>
<tr><td><a href="#t0">Test_Annotations</a></td><td class="num">1</td><td class="num">0</td><td class="num">0</td><td class="num">0</td><td class="num">93</td><td></td><td>high</td></tr>
<tr class="stripe"><td><a href="#t1">Test_Assertions</a></td><td class="num">0</td><td class="num">0</td><td class="num">0</td><td class="num attn">1</td><td class="num">31</td><td></td><td></td></tr>
<tr><td><a href="#t2">Test_Dependency</a></td><td class="num">0</td><td class="num attn">2</td><td class="num">0</td><td class="num attn">1</td><td class="num">46</td><td></td><td></td></tr>
<tr><th>Total</th><th class="num">1</th><th class="num attn">2</th><th class="num">0</th><th class="num attn">2</th><th class="num">170</th><th colspan="2"></th></tr>
</table>
<table id='summary'><thead><tr><th>Class</th><th>Method</th><th>Start</th><th>Time (ms)</th></tr></thead><tbody><tr><th colspan="4">Learning TestNG</th></tr></tbody><tbody id="t0"><tr><th colspan="4">Test_Annotations &#8212; passed</th></tr><tr class="passedeven"><td rowspan="1">TestNG_Learning.TestCase1_Annotations</td><td><a href="#m0">doLogin1</a></td><td rowspan="1">1651176688902</td><td rowspan="1">18</td></tr></tbody>
<tbody id="t1"><tr><th colspan="4">Test_Assertions &#8212; failed</th></tr><tr class="failedeven"><td rowspan="1">TestNG_Learning.TestCase2_Assert</td><td><a href="#m1">validateTitle</a></td><td rowspan="1">1651176689474</td><td rowspan="1">10</td></tr></tbody>
<tbody id="t2"><tr><th colspan="4">Test_Dependency &#8212; failed</th></tr><tr class="failedeven"><td rowspan="1">TestNG_Learning.TestCase3_DependsOn</td><td><a href="#m2">doUserReg3</a></td><td rowspan="1">1651176689556</td><td rowspan="1">2</td></tr><tr><th colspan="4">Test_Dependency &#8212; skipped</th></tr><tr class="skippedeven"><td rowspan="2">TestNG_Learning.TestCase3_DependsOn</td><td><a href="#m3">doLogin3</a></td><td rowspan="1">1651176689574</td><td rowspan="1">0</td></tr><tr class="skippedeven"><td><a href="#m4">isSkip</a></td><td rowspan="1">1651176689588</td><td rowspan="1">4</td></tr></tbody>
</table>
<h2>Test_Annotations</h2><h3 id="m0">TestNG_Learning.TestCase1_Annotations#doLogin1</h3><table class="result"><tr><th>Messages</th></tr><tr><td><div class="messages">Inside doLogin Method logging</div></td></tr></table><p class="totop"><a href="#summary">back to summary</a></p>
<h2>Test_Assertions</h2><h3 id="m1">TestNG_Learning.TestCase2_Assert#validateTitle</h3><table class="result"><tr><th>Messages</th></tr><tr><td><div class="messages"><a href='..\screenshots\Golf Clubsshot2.png' target='_blank'>ScreenShot </a><br/></br><a href='..\screenshots\Golf Clubsshot2.png' target='_blank'><img src='..\screenshots\Golf Clubsshot2.png' height=400 width=400> </a></div></td></tr><tr><th>Exception</th></tr><tr><td><div class="stacktrace">java.lang.AssertionError: The following asserts failed:
	Titles Mismatch expected [yahoo.com] but found [gmail.com],
	Element not found expected [true] but found [false],
	Failed Forcefully
	at TestNG_Learning.TestCase2_Assert.validateTitle(TestCase2_Assert.java:24)
	at java.base/java.util.ArrayList.forEach(ArrayList.java:1511)
... Removed 29 stack frames</div></td></tr></table><p class="totop"><a href="#summary">back to summary</a></p>
<h2>Test_Dependency</h2><h3 id="m2">TestNG_Learning.TestCase3_DependsOn#doUserReg3</h3><table class="result"><tr><th>Messages</th></tr><tr><td><div class="messages"><a href='..\screenshots\Golf Clubsshot2.png' target='_blank'>ScreenShot </a><br/></br><a href='..\screenshots\Golf Clubsshot2.png' target='_blank'><img src='..\screenshots\Golf Clubsshot2.png' height=400 width=400> </a></div></td></tr><tr><th>Exception</th></tr><tr><td><div class="stacktrace">java.lang.AssertionError: Registration failed
	at TestNG_Learning.TestCase3_DependsOn.doUserReg3(TestCase3_DependsOn.java:12)
	at java.base/java.util.ArrayList.forEach(ArrayList.java:1511)
... Removed 28 stack frames</div></td></tr></table><p class="totop"><a href="#summary">back to summary</a></p>
<h3 id="m3">TestNG_Learning.TestCase3_DependsOn#doLogin3</h3><table class="result"><tr><th>Exception</th></tr><tr><td><div class="stacktrace">java.lang.Throwable: Method TestCase3_DependsOn.doLogin3()[pri:2, instance:TestNG_Learning.TestCase3_DependsOn@147a5d08] depends on not successfully finished methods
	at java.base/java.util.ArrayList.forEach(ArrayList.java:1511)
... Removed 18 stack frames</div></td></tr></table><p class="totop"><a href="#summary">back to summary</a></p>
<h3 id="m4">TestNG_Learning.TestCase3_DependsOn#isSkip</h3><table class="result"><tr><th>Exception</th></tr><tr><td><div class="stacktrace">org.testng.SkipException: User already registered
	at TestNG_Learning.TestCase3_DependsOn.isSkip(TestCase3_DependsOn.java:23)
	at java.base/java.util.ArrayList.forEach(ArrayList.java:1511)
... Removed 27 stack frames</div></td></tr></table><p class="totop"><a href="#summary">back to summary</a></p>
</body>
</html>
